DEBUG 2025-01-03 18:44:16.754 UTC: 	 CRAB Client version: v3.241125
DEBUG 2025-01-03 18:44:16.754 UTC: 	 Running on: Linux lxplus805.cern.ch 4.18.0-553.30.1.el8_10.x86_64 #1 SMP Fri Nov 15 03:46:25 EST 2024 x86_64 x86_64 x86_64 GNU/Linux
DEBUG 2025-01-03 18:44:16.754 UTC: 	 Not using Singularity
DEBUG 2025-01-03 18:44:16.754 UTC: 	 Operating System: Red Hat Enterprise Linux 8.10 (Ootpa)
DEBUG 2025-01-03 18:44:16.754 UTC: 	 Executing command: 'submit'
DEBUG 2025-01-03 18:44:16.754 UTC: 	 Found CRAB cache file /afs/cern.ch/user/s/sgottlie/.crab3
ERROR 2025-01-03 18:44:16.755 UTC: 	 CRAB configuration file crabConfig.py not found.
ERROR 2025-01-03 18:44:16.755 UTC: 	 Caught ClientException exception
Traceback (most recent call last):
  File "/cvmfs/cms.cern.ch/share/cms/crab-prod/v3.241125.00/bin/crab.py", line 157, in <module>
    client()
  File "/cvmfs/cms.cern.ch/share/cms/crab-prod/v3.241125.00/bin/crab.py", line 135, in __call__
    self.cmd = sub_cmd(self.logger, args[1:])  # the crab command to be executed
  File "/cvmfs/cms.cern.ch/share/cms/crab-prod/v3.241125.00/lib/CRABClient/Commands/submit.py", line 37, in __init__
    SubCommand.__init__(self, logger, cmdargs, disable_interspersed_args=True)
  File "/cvmfs/cms.cern.ch/share/cms/crab-prod/v3.241125.00/lib/CRABClient/Commands/SubCommand.py", line 326, in __init__
    self.loadConfig(self.options.config, self.args)
  File "/cvmfs/cms.cern.ch/share/cms/crab-prod/v3.241125.00/lib/CRABClient/Commands/SubCommand.py", line 52, in loadConfig
    raise ConfigurationException("CRAB configuration file %s not found." % (configname))
CRABClient.ClientExceptions.ConfigurationException: CRAB configuration file crabConfig.py not found.
INFO 2025-01-03 18:44:16.835 UTC: 	 Log file is /afs/cern.ch/user/s/sgottlie/CMSSW_10_4_0/src/CMGTools/crab.log
DEBUG 2025-01-03 18:44:51.533 UTC: 	 CRAB Client version: v3.241125
DEBUG 2025-01-03 18:44:51.533 UTC: 	 Running on: Linux lxplus805.cern.ch 4.18.0-553.30.1.el8_10.x86_64 #1 SMP Fri Nov 15 03:46:25 EST 2024 x86_64 x86_64 x86_64 GNU/Linux
DEBUG 2025-01-03 18:44:51.533 UTC: 	 Not using Singularity
DEBUG 2025-01-03 18:44:51.533 UTC: 	 Operating System: Red Hat Enterprise Linux 8.10 (Ootpa)
DEBUG 2025-01-03 18:44:51.533 UTC: 	 Executing command: 'submit'
DEBUG 2025-01-03 18:44:51.533 UTC: 	 Found CRAB cache file /afs/cern.ch/user/s/sgottlie/.crab3
